<?xml version="1.0" encoding="UTF-8"?>
<!-- Generated by org.testng.reporters.JUnitReportReporter -->
<testsuite hostname="DESKTOP-LE9U86J" name="com.jbk.Eproc.TestCases.LoginPageTest" tests="2" failures="0" timestamp="18 Mar 2020 20:28:24 GMT" time="31.927" errors="0">
  <testcase name="loginPageLogoTest" time="17.129" classname="com.jbk.Eproc.TestCases.LoginPageTest"/>
  <testcase name="loginPageTitleTest" time="14.798" classname="com.jbk.Eproc.TestCases.LoginPageTest"/>
</testsuite> <!-- com.jbk.Eproc.TestCases.LoginPageTest -->
