<?xml version="1.0" encoding="UTF-8"?>
<!-- Generated by org.testng.reporters.JUnitReportReporter -->
<testsuite hostname="DESKTOP-LE9U86J" name="com.jbk.Eproc.TestCases.RegistrationPageTest" tests="2" failures="0" timestamp="13 Mar 2020 09:20:12 GMT" time="37.810" errors="0">
  <testcase name="checkRegistrationPageTitleTest" time="17.540" classname="com.jbk.Eproc.TestCases.RegistrationPageTest"/>
  <testcase name="checkRegistrationPageHeaderTest" time="20.270" classname="com.jbk.Eproc.TestCases.RegistrationPageTest"/>
</testsuite> <!-- com.jbk.Eproc.TestCases.RegistrationPageTest -->
